[15:15:52.517][INFO][CraftTweaker-EarlyInit]: CraftTweaker is running on a Minecraft 1.21.1 production server modded with platform Fabric
[15:15:52.531][INFO][CraftTweaker-EarlyInit]: Successfully injected RecipeFS file system
[15:16:01.383][INFO][CraftTweaker-Plugins]: Successfully identified and loaded plugin crafttweaker:fabric
[15:16:01.390][INFO][CraftTweaker-Plugins]: Successfully identified and loaded plugin crafttweaker:compatibility
[15:16:01.390][INFO][CraftTweaker-Plugins]: Successfully identified and loaded plugin crafttweaker:common
[15:16:02.949][INFO][CraftTweaker]: The following mods have explicit CraftTweaker support, provided through the CraftTweaker compatibility plugin:
[15:16:02.950][INFO][CraftTweaker]: - 'crafttweaker' version '21.0.27'
[15:16:03.446][INFO][CraftTweaker-ZenCode]: Started loading scripts for loader 'initialize'
[15:16:04.006][INFO][CraftTweaker-ZenCode]: Compiling and executing scripts
[15:16:04.068][INFO][CraftTweaker-ZenCode]: Successfully initialized modules [crafttweaker, expansions]
[15:16:04.192][INFO][CraftTweaker-ZenCode]: Execution for loader 'initialize' completed successfully
[15:16:34.122][INFO][CraftTweaker-ZenCode]: Started loading scripts for loader 'tags'
[15:16:34.208][INFO][CraftTweaker-ZenCode]: Compiling and executing scripts
[15:16:34.259][INFO][CraftTweaker-ZenCode]: Successfully initialized modules [crafttweaker, expansions]
[15:16:34.292][INFO][CraftTweaker-ZenCode]: Execution for loader 'tags' completed successfully
[15:16:36.216][INFO][CraftTweaker]: CraftTweaker reload starting!
[15:16:36.232][INFO][CraftTweaker-ZenCode]: Started loading scripts for loader 'crafttweaker'
[15:16:36.325][INFO][CraftTweaker-ZenCode]: Compiling and executing scripts
[15:16:37.586][INFO][CraftTweaker-ZenCode]: Successfully initialized modules [vanilla/api/network/NetworkContext, vanilla/api/network/NetworkReceiver, crafttweaker, expansions]
[15:16:37.609][INFO][CraftTweaker-ZenCode]: Execution for loader 'crafttweaker' completed successfully
[15:16:37.611][INFO][CraftTweaker]: CraftTweaker reload complete!
